
> figma2front@0.1.0 storybook:build
> storybook build -o storybook-static --output-dir=/var/folders/kw/2262qp_94jsf8fvn_n0crjfh0000gn/T/chromatic--92418-aYRC6ZBGMY2e

[1m@storybook/core v8.6.14
[22m
info => Cleaning outputDir: [36m../../../../../var/folders/kw/2262qp_94jsf8fvn_n0crjfh0000gn/T/chromatic--92418-aYRC6ZBGMY2e[39m
info => Loading presets
info => Building manager..
info => Manager built ([38;2;181;126;229m99 ms[39m)
info => Building preview..
WARN No story files found for the specified pattern: [34msrc/**/*.mdx[39m
info Using tsconfig paths for react-docgen
[36mvite v5.4.19 [32mbuilding for production...[36m[39m
transforming...
[32m✓[39m 102 modules transformed.
rendering chunks...
computing gzip size...
[2m../../../../../var/folders/kw/2262qp_94jsf8fvn_n0crjfh0000gn/T/chromatic--92418-aYRC6ZBGMY2e/[22m[32miframe.html                               [39m[1m[2m 17.74 kB[22m[1m[22m[2m │ gzip:   5.00 kB[22m
[2m../../../../../var/folders/kw/2262qp_94jsf8fvn_n0crjfh0000gn/T/chromatic--92418-aYRC6ZBGMY2e/[22m[2massets/[22m[36mpreview-CIwosuWp.js                [39m[1m[2m  0.15 kB[22m[1m[22m[2m │ gzip:   0.15 kB[22m
[2m../../../../../var/folders/kw/2262qp_94jsf8fvn_n0crjfh0000gn/T/chromatic--92418-aYRC6ZBGMY2e/[22m[2massets/[22m[36mpreview-CvbIS5ZJ.js                [39m[1m[2m  0.18 kB[22m[1m[22m[2m │ gzip:   0.16 kB[22m
[2m../../../../../var/folders/kw/2262qp_94jsf8fvn_n0crjfh0000gn/T/chromatic--92418-aYRC6ZBGMY2e/[22m[2massets/[22m[36mindex-BVLMb_CH.js                  [39m[1m[2m  0.42 kB[22m[1m[22m[2m │ gzip:   0.27 kB[22m
[2m../../../../../var/folders/kw/2262qp_94jsf8fvn_n0crjfh0000gn/T/chromatic--92418-aYRC6ZBGMY2e/[22m[2massets/[22m[36mHello.stories-d2h2XoqD.js          [39m[1m[2m  0.70 kB[22m[1m[22m[2m │ gzip:   0.45 kB[22m
[2m../../../../../var/folders/kw/2262qp_94jsf8fvn_n0crjfh0000gn/T/chromatic--92418-aYRC6ZBGMY2e/[22m[2massets/[22m[36mpreview-DGUiP6tS.js                [39m[1m[2m  0.71 kB[22m[1m[22m[2m │ gzip:   0.50 kB[22m
[2m../../../../../var/folders/kw/2262qp_94jsf8fvn_n0crjfh0000gn/T/chromatic--92418-aYRC6ZBGMY2e/[22m[2massets/[22m[36mchunk-XP5HYGXS-D5tuasO7.js         [39m[1m[2m  0.72 kB[22m[1m[22m[2m │ gzip:   0.40 kB[22m
[2m../../../../../var/folders/kw/2262qp_94jsf8fvn_n0crjfh0000gn/T/chromatic--92418-aYRC6ZBGMY2e/[22m[2massets/[22m[36mindex-DrFu-skq.js                  [39m[1m[2m  0.77 kB[22m[1m[22m[2m │ gzip:   0.47 kB[22m
[2m../../../../../var/folders/kw/2262qp_94jsf8fvn_n0crjfh0000gn/T/chromatic--92418-aYRC6ZBGMY2e/[22m[2massets/[22m[36mreact-18-CFJcUQFG.js               [39m[1m[2m  0.80 kB[22m[1m[22m[2m │ gzip:   0.47 kB[22m
[2m../../../../../var/folders/kw/2262qp_94jsf8fvn_n0crjfh0000gn/T/chromatic--92418-aYRC6ZBGMY2e/[22m[2massets/[22m[36mpreview-BFbDt8C3.js                [39m[1m[2m  0.89 kB[22m[1m[22m[2m │ gzip:   0.57 kB[22m
[2m../../../../../var/folders/kw/2262qp_94jsf8fvn_n0crjfh0000gn/T/chromatic--92418-aYRC6ZBGMY2e/[22m[2massets/[22m[36mjsx-runtime-CDt2p4po.js            [39m[1m[2m  0.92 kB[22m[1m[22m[2m │ gzip:   0.58 kB[22m
[2m../../../../../var/folders/kw/2262qp_94jsf8fvn_n0crjfh0000gn/T/chromatic--92418-aYRC6ZBGMY2e/[22m[2massets/[22m[36mpreview-DD_OYowb.js                [39m[1m[2m  3.51 kB[22m[1m[22m[2m │ gzip:   1.69 kB[22m
[2m../../../../../var/folders/kw/2262qp_94jsf8fvn_n0crjfh0000gn/T/chromatic--92418-aYRC6ZBGMY2e/[22m[2massets/[22m[36mpreview-B8lJiyuQ.js                [39m[1m[2m  5.06 kB[22m[1m[22m[2m │ gzip:   1.88 kB[22m
[2m../../../../../var/folders/kw/2262qp_94jsf8fvn_n0crjfh0000gn/T/chromatic--92418-aYRC6ZBGMY2e/[22m[2massets/[22m[36mindex-GiUgBvb1.js                  [39m[1m[2m  7.35 kB[22m[1m[22m[2m │ gzip:   2.96 kB[22m
[2m../../../../../var/folders/kw/2262qp_94jsf8fvn_n0crjfh0000gn/T/chromatic--92418-aYRC6ZBGMY2e/[22m[2massets/[22m[36mpreview-BWzBA1C2.js                [39m[1m[2m  7.62 kB[22m[1m[22m[2m │ gzip:   1.56 kB[22m
[2m../../../../../var/folders/kw/2262qp_94jsf8fvn_n0crjfh0000gn/T/chromatic--92418-aYRC6ZBGMY2e/[22m[2massets/[22m[36mpreview-BBWR9nbA.js                [39m[1m[2m  8.12 kB[22m[1m[22m[2m │ gzip:   3.10 kB[22m
[2m../../../../../var/folders/kw/2262qp_94jsf8fvn_n0crjfh0000gn/T/chromatic--92418-aYRC6ZBGMY2e/[22m[2massets/[22m[36mtest-utils-4o4gapqX.js             [39m[1m[2m 12.94 kB[22m[1m[22m[2m │ gzip:   5.03 kB[22m
[2m../../../../../var/folders/kw/2262qp_94jsf8fvn_n0crjfh0000gn/T/chromatic--92418-aYRC6ZBGMY2e/[22m[2massets/[22m[36mColor-YHDXOIA2-D7D0rbhb.js         [39m[1m[2m 29.34 kB[22m[1m[22m[2m │ gzip:  11.05 kB[22m
[2m../../../../../var/folders/kw/2262qp_94jsf8fvn_n0crjfh0000gn/T/chromatic--92418-aYRC6ZBGMY2e/[22m[2massets/[22m[36mentry-preview-BU_dNskb.js          [39m[1m[2m 29.85 kB[22m[1m[22m[2m │ gzip:   9.56 kB[22m
[2m../../../../../var/folders/kw/2262qp_94jsf8fvn_n0crjfh0000gn/T/chromatic--92418-aYRC6ZBGMY2e/[22m[2massets/[22m[36mindex-WwbkVOJN.js                  [39m[1m[2m 57.14 kB[22m[1m[22m[2m │ gzip:  16.28 kB[22m
[2m../../../../../var/folders/kw/2262qp_94jsf8fvn_n0crjfh0000gn/T/chromatic--92418-aYRC6ZBGMY2e/[22m[2massets/[22m[36mindex-CROobee-.js                  [39m[1m[2m133.96 kB[22m[1m[22m[2m │ gzip:  43.14 kB[22m
[2m../../../../../var/folders/kw/2262qp_94jsf8fvn_n0crjfh0000gn/T/chromatic--92418-aYRC6ZBGMY2e/[22m[2massets/[22m[36miframe-C0ibfWEJ.js                 [39m[1m[2m207.57 kB[22m[1m[22m[2m │ gzip:  71.56 kB[22m
[2m../../../../../var/folders/kw/2262qp_94jsf8fvn_n0crjfh0000gn/T/chromatic--92418-aYRC6ZBGMY2e/[22m[2massets/[22m[36mentry-preview-docs-BVenwZQj.js     [39m[1m[2m244.67 kB[22m[1m[22m[2m │ gzip:  73.42 kB[22m
[2m../../../../../var/folders/kw/2262qp_94jsf8fvn_n0crjfh0000gn/T/chromatic--92418-aYRC6ZBGMY2e/[22m[2massets/[22m[36mDocsRenderer-CFRXHY34-DAoObFDD.js  [39m[1m[33m889.45 kB[39m[22m[2m │ gzip: 275.89 kB[22m
[32m✓ built in 1.57s[39m
info => Preview built ([38;2;181;126;229m2.18 s[39m)
info => Output directory: /var/folders/kw/2262qp_94jsf8fvn_n0crjfh0000gn/T/chromatic--92418-aYRC6ZBGMY2e
